<?xml version="1.0" encoding="UTF-8"?><testrun name="TestRunner" project="CucumberHybridFramework" tests="6" started="6" failures="0" errors="12" ignored="0">
  <testsuite name="org.nadim.testrunner.TestRunner" time="0.427">
    <testsuite name="Login Functionality" time="0.395">
      <testcase name="Login with valid Credentials" classname="Login Functionality" time="0.338">
        <error>java.lang.Exception: Does not supported browser https://tutorialsninja.com/demo/&#13;
	at org.nadim.base.Base.lauchBrowser(Base.java:20)&#13;
	at org.nadim.hooks.MyHooks.startUp(MyHooks.java:20)&#13;
&#13;
java.lang.NullPointerException: Cannot invoke "org.openqa.selenium.WebDriver.close()" because "this.driver" is null&#13;
	at org.nadim.hooks.MyHooks.tearDown(MyHooks.java:25)&#13;
&#13;
</error>
      </testcase>
      <testcase name="Login with Invalid Email Address" classname="Login Functionality" time="0.021">
        <error>java.lang.Exception: Does not supported browser https://tutorialsninja.com/demo/&#13;
	at org.nadim.base.Base.lauchBrowser(Base.java:20)&#13;
	at org.nadim.hooks.MyHooks.startUp(MyHooks.java:20)&#13;
&#13;
java.lang.NullPointerException: Cannot invoke "org.openqa.selenium.WebDriver.close()" because "this.driver" is null&#13;
	at org.nadim.hooks.MyHooks.tearDown(MyHooks.java:25)&#13;
&#13;
</error>
      </testcase>
      <testcase name="Login with Invalid Password" classname="Login Functionality" time="0.02">
        <error>java.lang.Exception: Does not supported browser https://tutorialsninja.com/demo/&#13;
	at org.nadim.base.Base.lauchBrowser(Base.java:20)&#13;
	at org.nadim.hooks.MyHooks.startUp(MyHooks.java:20)&#13;
&#13;
java.lang.NullPointerException: Cannot invoke "org.openqa.selenium.WebDriver.close()" because "this.driver" is null&#13;
	at org.nadim.hooks.MyHooks.tearDown(MyHooks.java:25)&#13;
&#13;
</error>
      </testcase>
      <testcase name="Login without credentials" classname="Login Functionality" time="0.014">
        <error>java.lang.Exception: Does not supported browser https://tutorialsninja.com/demo/&#13;
	at org.nadim.base.Base.lauchBrowser(Base.java:20)&#13;
	at org.nadim.hooks.MyHooks.startUp(MyHooks.java:20)&#13;
&#13;
java.lang.NullPointerException: Cannot invoke "org.openqa.selenium.WebDriver.close()" because "this.driver" is null&#13;
	at org.nadim.hooks.MyHooks.tearDown(MyHooks.java:25)&#13;
&#13;
</error>
      </testcase>
    </testsuite>
    <testsuite name="Search Functionality" time="0.029">
      <testcase name="Searching with Valid product Name" classname="Search Functionality" time="0.015">
        <error>java.lang.Exception: Does not supported browser https://tutorialsninja.com/demo/&#13;
	at org.nadim.base.Base.lauchBrowser(Base.java:20)&#13;
	at org.nadim.hooks.MyHooks.startUp(MyHooks.java:20)&#13;
&#13;
java.lang.NullPointerException: Cannot invoke "org.openqa.selenium.WebDriver.close()" because "this.driver" is null&#13;
	at org.nadim.hooks.MyHooks.tearDown(MyHooks.java:25)&#13;
&#13;
</error>
      </testcase>
      <testcase name="Searching with invalid Product Name" classname="Search Functionality" time="0.014">
        <error>java.lang.Exception: Does not supported browser https://tutorialsninja.com/demo/&#13;
	at org.nadim.base.Base.lauchBrowser(Base.java:20)&#13;
	at org.nadim.hooks.MyHooks.startUp(MyHooks.java:20)&#13;
&#13;
java.lang.NullPointerException: Cannot invoke "org.openqa.selenium.WebDriver.close()" because "this.driver" is null&#13;
	at org.nadim.hooks.MyHooks.tearDown(MyHooks.java:25)&#13;
&#13;
</error>
      </testcase>
    </testsuite>
  </testsuite>
</testrun>
